<?xml version="1.0" encoding="UTF-8" ?>
<testsuite errors="2" failures="0" hostname="effd08a1f4c6" name="com.test.TitleCheck_FireFox" skipped="0" tests="1" time="12.747" timestamp="2015-10-15T13:18:57">
  <properties>
    <property name="java.vendor" value="Oracle Corporation" />
    <property name="sun.java.launcher" value="SUN_STANDARD" />
    <property name="sun.management.compiler" value="HotSpot 64-Bit Tiered Compilers" />
    <property name="ant.file.SampleSeleniumGrid" value="/opt/build.xml" />
    <property name="env.HUB_PORT_4444_TCP_PORT" value="4444" />
    <property name="os.name" value="Linux" />
    <property name="sun.boot.class.path" value="/usr/lib/jvm/java-7-openjdk-amd64/jre/lib/resources.jar:/usr/lib/jvm/java-7-openjdk-amd64/jre/lib/rt.jar:/usr/lib/jvm/java-7-openjdk-amd64/jre/lib/sunrsasign.jar:/usr/lib/jvm/java-7-openjdk-amd64/jre/lib/jsse.jar:/usr/lib/jvm/java-7-openjdk-amd64/jre/lib/jce.jar:/usr/lib/jvm/java-7-openjdk-amd64/jre/lib/charsets.jar:/usr/lib/jvm/java-7-openjdk-amd64/jre/lib/rhino.jar:/usr/lib/jvm/java-7-openjdk-amd64/jre/lib/jfr.jar:/usr/lib/jvm/java-7-openjdk-amd64/jre/classes" />
    <property name="env.HUB_PORT_4444_TCP_PROTO" value="tcp" />
    <property name="env.TEST_CMD" value="" />
    <property name="env.PWD" value="/opt" />
    <property name="env.HUB_ENV_GRID_MAX_SESSION" value="5" />
    <property name="java.vm.specification.vendor" value="Oracle Corporation" />
    <property name="ant.home" value="/usr/share/ant" />
    <property name="java.runtime.version" value="1.7.0_79-b14" />
    <property name="user.name" value="root" />
    <property name="env.HUB_ENV_GRID_JETTY_MAX_THREADS" value="-1" />
    <property name="env.PATH" value="/usr/local/sbin:/usr/local/bin:/usr/sbin:/usr/bin:/sbin:/bin" />
    <property name="user.language" value="en" />
    <property name="ant.file.type.SampleSeleniumGrid" value="file" />
    <property name="sun.boot.library.path" value="/usr/lib/jvm/java-7-openjdk-amd64/jre/lib/amd64" />
    <property name="ant.project.default-target" value="build" />
    <property name="ant.project.name" value="SampleSeleniumGrid" />
    <property name="env.HUB_ENV_GRID_NODE_POLLING" value="5000" />
    <property name="java.version" value="1.7.0_79" />
    <property name="env.HUB_PORT_4444_TCP_ADDR" value="172.17.0.194" />
    <property name="user.timezone" value="" />
    <property name="sun.arch.data.model" value="64" />
    <property name="env.HUB_PORT" value="tcp://172.17.0.194:4444" />
    <property name="java.endorsed.dirs" value="/usr/lib/jvm/java-7-openjdk-amd64/jre/lib/endorsed" />
    <property name="sun.cpu.isalist" value="" />
    <property name="sun.jnu.encoding" value="ANSI_X3.4-1968" />
    <property name="file.encoding.pkg" value="sun.io" />
    <property name="file.separator" value="/" />
    <property name="env.HOSTNAME" value="effd08a1f4c6" />
    <property name="java.specification.name" value="Java Platform API Specification" />
    <property name="java.class.version" value="51.0" />
    <property name="env.HUB_ENV_GRID_CLEAN_UP_CYCLE" value="5000" />
    <property name="user.country" value="US" />
    <property name="java.home" value="/usr/lib/jvm/java-7-openjdk-amd64/jre" />
    <property name="java.vm.info" value="mixed mode" />
    <property name="ant.file" value="/opt/build.xml" />
    <property name="os.version" value="3.13.0-24-generic" />
    <property name="path.separator" value=":" />
    <property name="java.vm.version" value="24.79-b02" />
    <property name="env.HUB_PORT_4444_TCP" value="tcp://172.17.0.194:4444" />
    <property name="ant.library.dir" value="/usr/share/ant/lib" />
    <property name="java.awt.printerjob" value="sun.print.PSPrinterJob" />
    <property name="sun.io.unicode.encoding" value="UnicodeLittle" />
    <property name="awt.toolkit" value="sun.awt.X11.XToolkit" />
    <property name="env.NPM_CONFIG_LOGLEVEL" value="info" />
    <property name="user.home" value="/root" />
    <property name="target" value="1.7" />
    <property name="env.NODE_VERSION" value="4.1.1" />
    <property name="env.OLDPWD" value="/usr/src/app" />
    <property name="java.specification.vendor" value="Oracle Corporation" />
    <property name="env.HUB_NAME" value="/seleniumlocal/hub" />
    <property name="java.library.path" value="/usr/java/packages/lib/amd64:/usr/lib/x86_64-linux-gnu/jni:/lib/x86_64-linux-gnu:/usr/lib/x86_64-linux-gnu:/usr/lib/jni:/lib:/usr/lib" />
    <property name="java.vendor.url" value="http://java.oracle.com/" />
    <property name="java.vm.vendor" value="Oracle Corporation" />
    <property name="java.runtime.name" value="OpenJDK Runtime Environment" />
    <property name="sun.java.command" value="org.apache.tools.ant.taskdefs.optional.junit.JUnitTestRunner com.test.TitleCheck_FireFox skipNonTests=false filtertrace=true haltOnError=false haltOnFailure=false formatter=org.apache.tools.ant.taskdefs.optional.junit.OutErrSummaryJUnitResultFormatter showoutput=false outputtoformatters=true logfailedtests=true threadid=0 logtestlistenerevents=false formatter=org.apache.tools.ant.taskdefs.optional.junit.XMLJUnitResultFormatter,/opt/junit/TEST-com.test.TitleCheck_FireFox.xml crashfile=/opt/junitvmwatcher3170783363833396473.properties propsfile=/opt/junit6365850091104260873.properties" />
    <property name="java.class.path" value="/opt/bin:/opt/lib/selenium-server-standalone-2.44.0.jar:/usr/share/java/ant-launcher-1.9.4.jar:/usr/share/ant/lib/ant.jar:/usr/share/ant/lib/ant-junit.jar:/usr/share/ant/lib/ant-junit4.jar" />
    <property name="ant.version" value="Apache Ant(TM) version 1.9.4 compiled on October 7 2014" />
    <property name="java.vm.specification.name" value="Java Virtual Machine Specification" />
    <property name="ant.file.type" value="file" />
    <property name="java.vm.specification.version" value="1.7" />
    <property name="sun.cpu.endian" value="little" />
    <property name="sun.os.patch.level" value="unknown" />
    <property name="debuglevel" value="source,lines,vars" />
    <property name="env.HOME" value="/root" />
    <property name="java.io.tmpdir" value="/tmp" />
    <property name="java.vendor.url.bug" value="http://bugreport.sun.com/bugreport/" />
    <property name="env.HUB_ENV_GRID_UNREGISTER_IF_STILL_DOWN_AFTER" value="30000" />
    <property name="env.HUB_ENV_GRID_BROWSER_TIMEOUT" value="0" />
    <property name="java.awt.graphicsenv" value="sun.awt.X11GraphicsEnvironment" />
    <property name="os.arch" value="amd64" />
    <property name="env.HUB_ENV_GRID_TIMEOUT" value="30000" />
    <property name="java.ext.dirs" value="/usr/lib/jvm/java-7-openjdk-amd64/jre/lib/ext:/usr/java/packages/lib/ext" />
    <property name="user.dir" value="/opt" />
    <property name="line.separator" value="&#xa;" />
    <property name="java.vm.name" value="OpenJDK 64-Bit Server VM" />
    <property name="env.HUB_ENV_GRID_NEW_SESSION_WAIT_TIMEOUT" value="-1" />
    <property name="basedir" value="/opt" />
    <property name="ant.java.version" value="1.7" />
    <property name="ant.core.lib" value="/usr/share/ant/lib/ant.jar" />
    <property name="source" value="1.7" />
    <property name="file.encoding" value="ANSI_X3.4-1968" />
    <property name="java.specification.version" value="1.7" />
    <property name="ant.project.invoked-targets" value="FireFoxDriver" />
  </properties>
  <testcase classname="com.test.TitleCheck_FireFox" name="titleCheck" time="12.587">
    <error message="Could not start a new session. Possible causes are invalid address of the remote server or browser start-up failure.&#xa;Build info: version: &apos;2.44.0&apos;, revision: &apos;76d78cf&apos;, time: &apos;2014-10-23 20:02:37&apos;&#xa;System info: host: &apos;effd08a1f4c6&apos;, ip: &apos;172.17.0.197&apos;, os.name: &apos;Linux&apos;, os.arch: &apos;amd64&apos;, os.version: &apos;3.13.0-24-generic&apos;, java.version: &apos;1.7.0_79&apos;&#xa;Driver info: driver.version: RemoteWebDriver" type="org.openqa.selenium.remote.UnreachableBrowserException">org.openqa.selenium.remote.UnreachableBrowserException: Could not start a new session. Possible causes are invalid address of the remote server or browser start-up failure.
Build info: version: &apos;2.44.0&apos;, revision: &apos;76d78cf&apos;, time: &apos;2014-10-23 20:02:37&apos;
System info: host: &apos;effd08a1f4c6&apos;, ip: &apos;172.17.0.197&apos;, os.name: &apos;Linux&apos;, os.arch: &apos;amd64&apos;, os.version: &apos;3.13.0-24-generic&apos;, java.version: &apos;1.7.0_79&apos;
Driver info: driver.version: RemoteWebDriver
	at org.openqa.selenium.remote.RemoteWebDriver.execute(RemoteWebDriver.java:593)
	at org.openqa.selenium.remote.RemoteWebDriver.startSession(RemoteWebDriver.java:240)
	at org.openqa.selenium.remote.RemoteWebDriver.&lt;init&gt;(RemoteWebDriver.java:126)
	at org.openqa.selenium.remote.RemoteWebDriver.&lt;init&gt;(RemoteWebDriver.java:153)
	at com.test.TitleCheck_FireFox.first(TitleCheck_FireFox.java:25)
Caused by: java.net.NoRouteToHostException: No route to host
	at java.net.PlainSocketImpl.socketConnect(Native Method)
	at java.net.AbstractPlainSocketImpl.doConnect(AbstractPlainSocketImpl.java:339)
	at java.net.AbstractPlainSocketImpl.connectToAddress(AbstractPlainSocketImpl.java:200)
	at java.net.AbstractPlainSocketImpl.connect(AbstractPlainSocketImpl.java:182)
	at java.net.SocksSocketImpl.connect(SocksSocketImpl.java:392)
	at java.net.Socket.connect(Socket.java:579)
	at org.apache.http.conn.socket.PlainConnectionSocketFactory.connectSocket(PlainConnectionSocketFactory.java:72)
	at org.apache.http.impl.conn.HttpClientConnectionOperator.connect(HttpClientConnectionOperator.java:123)
	at org.apache.http.impl.conn.PoolingHttpClientConnectionManager.connect(PoolingHttpClientConnectionManager.java:318)
	at org.apache.http.impl.execchain.MainClientExec.establishRoute(MainClientExec.java:363)
	at org.apache.http.impl.execchain.MainClientExec.execute(MainClientExec.java:219)
	at org.apache.http.impl.execchain.ProtocolExec.execute(ProtocolExec.java:195)
	at org.apache.http.impl.execchain.RetryExec.execute(RetryExec.java:86)
	at org.apache.http.impl.execchain.RedirectExec.execute(RedirectExec.java:108)
	at org.apache.http.impl.client.InternalHttpClient.doExecute(InternalHttpClient.java:184)
	at org.apache.http.impl.client.CloseableHttpClient.execute(CloseableHttpClient.java:72)
	at org.apache.http.impl.client.CloseableHttpClient.execute(CloseableHttpClient.java:57)
	at org.openqa.selenium.remote.HttpCommandExecutor.fallBackExecute(HttpCommandExecutor.java:215)
	at org.openqa.selenium.remote.HttpCommandExecutor.execute(HttpCommandExecutor.java:184)
	at org.openqa.selenium.remote.RemoteWebDriver.execute(RemoteWebDriver.java:572)
</error>
    <error type="java.lang.NullPointerException">java.lang.NullPointerException
	at com.test.TitleCheck_FireFox.tearDown(TitleCheck_FireFox.java:38)
</error>
  </testcase>
  <system-out><![CDATA[]]></system-out>
  <system-err><![CDATA[Oct 15, 2015 1:19:00 PM org.apache.http.impl.execchain.RetryExec execute
INFO: I/O exception (java.net.NoRouteToHostException) caught when processing request to {}->http://172.17.0.184:4444: No route to host
Oct 15, 2015 1:19:00 PM org.apache.http.impl.execchain.RetryExec execute
INFO: Retrying request to {}->http://172.17.0.184:4444
Oct 15, 2015 1:19:03 PM org.apache.http.impl.execchain.RetryExec execute
INFO: I/O exception (java.net.NoRouteToHostException) caught when processing request to {}->http://172.17.0.184:4444: No route to host
Oct 15, 2015 1:19:03 PM org.apache.http.impl.execchain.RetryExec execute
INFO: Retrying request to {}->http://172.17.0.184:4444
Oct 15, 2015 1:19:06 PM org.apache.http.impl.execchain.RetryExec execute
INFO: I/O exception (java.net.NoRouteToHostException) caught when processing request to {}->http://172.17.0.184:4444: No route to host
Oct 15, 2015 1:19:06 PM org.apache.http.impl.execchain.RetryExec execute
INFO: Retrying request to {}->http://172.17.0.184:4444
]]></system-err>
</testsuite>
